\BOOKMARK [0][-]{chapter.1}{\376\377\0001\000\040\000D\000e\000p\000r\000e\000c\000a\000t\000e\000d\000\040\000L\000i\000s\000t}{}% 1
\BOOKMARK [0][-]{chapter.2}{\376\377\0002\000\040\000H\000i\000e\000r\000a\000r\000c\000h\000i\000c\000a\000l\000\040\000I\000n\000d\000e\000x}{}% 2
\BOOKMARK [1][-]{section.2.1}{\376\377\0002\000.\0001\000\040\000C\000l\000a\000s\000s\000\040\000H\000i\000e\000r\000a\000r\000c\000h\000y}{chapter.2}% 3
\BOOKMARK [0][-]{chapter.3}{\376\377\0003\000\040\000C\000l\000a\000s\000s\000\040\000I\000n\000d\000e\000x}{}% 4
\BOOKMARK [1][-]{section.3.1}{\376\377\0003\000.\0001\000\040\000C\000l\000a\000s\000s\000\040\000L\000i\000s\000t}{chapter.3}% 5
\BOOKMARK [0][-]{chapter.4}{\376\377\0004\000\040\000F\000i\000l\000e\000\040\000I\000n\000d\000e\000x}{}% 6
\BOOKMARK [1][-]{section.4.1}{\376\377\0004\000.\0001\000\040\000F\000i\000l\000e\000\040\000L\000i\000s\000t}{chapter.4}% 7
\BOOKMARK [0][-]{chapter.5}{\376\377\0005\000\040\000C\000l\000a\000s\000s\000\040\000D\000o\000c\000u\000m\000e\000n\000t\000a\000t\000i\000o\000n}{}% 8
\BOOKMARK [1][-]{section.5.1}{\376\377\0005\000.\0001\000\040\000C\000o\000n\000t\000r\000o\000l\000l\000e\000r\000\040\000C\000l\000a\000s\000s\000\040\000R\000e\000f\000e\000r\000e\000n\000c\000e}{chapter.5}% 9
\BOOKMARK [2][-]{subsection.5.1.1}{\376\377\0005\000.\0001\000.\0001\000\040\000D\000e\000t\000a\000i\000l\000e\000d\000\040\000D\000e\000s\000c\000r\000i\000p\000t\000i\000o\000n}{section.5.1}% 10
\BOOKMARK [2][-]{subsection.5.1.2}{\376\377\0005\000.\0001\000.\0002\000\040\000C\000o\000n\000s\000t\000r\000u\000c\000t\000o\000r\000\040\000\046\000\040\000D\000e\000s\000t\000r\000u\000c\000t\000o\000r\000\040\000D\000o\000c\000u\000m\000e\000n\000t\000a\000t\000i\000o\000n}{section.5.1}% 11
\BOOKMARK [3][-]{subsubsection.5.1.2.1}{\376\377\0005\000.\0001\000.\0002\000.\0001\000\040\000C\000o\000n\000t\000r\000o\000l\000l\000e\000r\000\050\000\051}{subsection.5.1.2}% 12
\BOOKMARK [2][-]{subsection.5.1.3}{\376\377\0005\000.\0001\000.\0003\000\040\000M\000e\000m\000b\000e\000r\000\040\000F\000u\000n\000c\000t\000i\000o\000n\000\040\000D\000o\000c\000u\000m\000e\000n\000t\000a\000t\000i\000o\000n}{section.5.1}% 13
\BOOKMARK [3][-]{subsubsection.5.1.3.1}{\376\377\0005\000.\0001\000.\0003\000.\0001\000\040\000c\000l\000e\000a\000r\000C\000o\000d\000e\000T\000a\000b\000l\000e\000\050\000\051}{subsection.5.1.3}% 14
\BOOKMARK [3][-]{subsubsection.5.1.3.2}{\376\377\0005\000.\0001\000.\0003\000.\0002\000\040\000c\000l\000o\000s\000e\000M\000n\000e\000m\000o\000n\000i\000c\000W\000i\000n\000d\000o\000w\000\050\000\051}{subsection.5.1.3}% 15
\BOOKMARK [3][-]{subsubsection.5.1.3.3}{\376\377\0005\000.\0001\000.\0003\000.\0003\000\040\000c\000o\000m\000p\000i\000l\000e\000C\000o\000d\000e\000\050\000\051}{subsection.5.1.3}% 16
\BOOKMARK [3][-]{subsubsection.5.1.3.4}{\376\377\0005\000.\0001\000.\0003\000.\0004\000\040\000e\000x\000e\000c\000u\000t\000e\000C\000o\000m\000m\000a\000n\000d\000\050\000\051}{subsection.5.1.3}% 17
\BOOKMARK [3][-]{subsubsection.5.1.3.5}{\376\377\0005\000.\0001\000.\0003\000.\0005\000\040\000g\000e\000t\000E\000Q\000U\000V\000a\000l\000u\000e\000\050\000\051}{subsection.5.1.3}% 18
\BOOKMARK [3][-]{subsubsection.5.1.3.6}{\376\377\0005\000.\0001\000.\0003\000.\0006\000\040\000g\000e\000t\000I\000O\000A\000n\000a\000l\000o\000g\000\137\000I\000N\000\050\000\051}{subsection.5.1.3}% 19
\BOOKMARK [3][-]{subsubsection.5.1.3.7}{\376\377\0005\000.\0001\000.\0003\000.\0007\000\040\000g\000e\000t\000I\000O\000A\000n\000a\000l\000o\000g\000\137\000O\000U\000T\000\050\000\051}{subsection.5.1.3}% 20
\BOOKMARK [3][-]{subsubsection.5.1.3.8}{\376\377\0005\000.\0001\000.\0003\000.\0008\000\040\000g\000e\000t\000J\000u\000m\000p\000e\000r\000s\000C\000o\000u\000n\000t\000\050\000\051}{subsection.5.1.3}% 21
\BOOKMARK [3][-]{subsubsection.5.1.3.9}{\376\377\0005\000.\0001\000.\0003\000.\0009\000\040\000i\000n\000i\000z\000i\000a\000l\000i\000z\000e\000M\000e\000m\000o\000r\000y\000\050\000\051}{subsection.5.1.3}% 22
\BOOKMARK [3][-]{subsubsection.5.1.3.10}{\376\377\0005\000.\0001\000.\0003\000.\0001\0000\000\040\000i\000n\000i\000z\000i\000a\000l\000i\000z\000e\000T\000a\000b\000l\000e\000s\000\050\000\051}{subsection.5.1.3}% 23
\BOOKMARK [3][-]{subsubsection.5.1.3.11}{\376\377\0005\000.\0001\000.\0003\000.\0001\0001\000\040\000l\000o\000a\000d\000F\000i\000l\000e\000\050\000\051}{subsection.5.1.3}% 24
\BOOKMARK [3][-]{subsubsection.5.1.3.12}{\376\377\0005\000.\0001\000.\0003\000.\0001\0002\000\040\000l\000o\000a\000d\000M\000n\000e\000m\000o\000n\000i\000c\000F\000r\000o\000m\000T\000a\000b\000l\000e\000\050\000\051}{subsection.5.1.3}% 25
\BOOKMARK [3][-]{subsubsection.5.1.3.13}{\376\377\0005\000.\0001\000.\0003\000.\0001\0003\000\040\000l\000o\000a\000d\000S\000R\000C\000F\000i\000l\000e\000\050\000\051}{subsection.5.1.3}% 26
\BOOKMARK [3][-]{subsubsection.5.1.3.14}{\376\377\0005\000.\0001\000.\0003\000.\0001\0004\000\040\000o\000p\000e\000n\000M\000n\000e\000m\000o\000n\000i\000c\000V\000i\000e\000w\000\050\000\051}{subsection.5.1.3}% 27
\BOOKMARK [3][-]{subsubsection.5.1.3.15}{\376\377\0005\000.\0001\000.\0003\000.\0001\0005\000\040\000o\000u\000t\000p\000u\000t\000T\000o\000C\000o\000n\000s\000o\000l\000e\000\050\000\051}{subsection.5.1.3}% 28
\BOOKMARK [3][-]{subsubsection.5.1.3.16}{\376\377\0005\000.\0001\000.\0003\000.\0001\0006\000\040\000r\000e\000f\000r\000e\000s\000h\000I\000O\000\050\000\051}{subsection.5.1.3}% 29
\BOOKMARK [3][-]{subsubsection.5.1.3.17}{\376\377\0005\000.\0001\000.\0003\000.\0001\0007\000\040\000s\000a\000v\000e\000L\000S\000T\000F\000i\000l\000e\000\050\000\051}{subsection.5.1.3}% 30
\BOOKMARK [3][-]{subsubsection.5.1.3.18}{\376\377\0005\000.\0001\000.\0003\000.\0001\0008\000\040\000s\000a\000v\000e\000M\000n\000e\000m\000o\000n\000i\000c\000C\000o\000d\000e\000\050\000\051}{subsection.5.1.3}% 31
\BOOKMARK [3][-]{subsubsection.5.1.3.19}{\376\377\0005\000.\0001\000.\0003\000.\0001\0009\000\040\000s\000a\000v\000e\000S\000R\000C\000F\000i\000l\000e\000\050\000\051}{subsection.5.1.3}% 32
\BOOKMARK [3][-]{subsubsection.5.1.3.20}{\376\377\0005\000.\0001\000.\0003\000.\0002\0000\000\040\000s\000e\000a\000r\000c\000h\000E\000Q\000U\000M\000a\000r\000k\000s\000\050\000\051}{subsection.5.1.3}% 33
\BOOKMARK [3][-]{subsubsection.5.1.3.21}{\376\377\0005\000.\0001\000.\0003\000.\0002\0001\000\040\000s\000e\000a\000r\000c\000h\000J\000u\000m\000p\000e\000r\000M\000a\000r\000k\000s\000\050\000\051}{subsection.5.1.3}% 34
\BOOKMARK [3][-]{subsubsection.5.1.3.22}{\376\377\0005\000.\0001\000.\0003\000.\0002\0002\000\040\000s\000e\000t\000C\000o\000d\000e\000V\000i\000e\000w\000A\000d\000r\000e\000s\000s\000\050\000\051}{subsection.5.1.3}% 35
\BOOKMARK [3][-]{subsubsection.5.1.3.23}{\376\377\0005\000.\0001\000.\0003\000.\0002\0003\000\040\000s\000e\000t\000C\000o\000d\000e\000V\000i\000e\000w\000C\000o\000u\000n\000t\000e\000r\000\050\000\051}{subsection.5.1.3}% 36
\BOOKMARK [3][-]{subsubsection.5.1.3.24}{\376\377\0005\000.\0001\000.\0003\000.\0002\0004\000\040\000s\000e\000t\000C\000o\000d\000e\000V\000i\000e\000w\000L\000a\000b\000e\000l\000\050\000\051}{subsection.5.1.3}% 37
\BOOKMARK [3][-]{subsubsection.5.1.3.25}{\376\377\0005\000.\0001\000.\0003\000.\0002\0005\000\040\000s\000e\000t\000C\000o\000l\000u\000m\000n\000W\000i\000d\000t\000h\000\050\000\051}{subsection.5.1.3}% 38
\BOOKMARK [3][-]{subsubsection.5.1.3.26}{\376\377\0005\000.\0001\000.\0003\000.\0002\0006\000\040\000s\000e\000t\000I\000O\000A\000n\000a\000l\000o\000g\000\137\000I\000N\000\050\000\051}{subsection.5.1.3}% 39
\BOOKMARK [3][-]{subsubsection.5.1.3.27}{\376\377\0005\000.\0001\000.\0003\000.\0002\0007\000\040\000s\000e\000t\000I\000O\000A\000n\000a\000l\000o\000g\000\137\000O\000U\000T\000\050\000\051}{subsection.5.1.3}% 40
\BOOKMARK [3][-]{subsubsection.5.1.3.28}{\376\377\0005\000.\0001\000.\0003\000.\0002\0008\000\040\000s\000e\000t\000S\000e\000g\000m\000e\000n\000t\000\050\000\051}{subsection.5.1.3}% 41
\BOOKMARK [3][-]{subsubsection.5.1.3.29}{\376\377\0005\000.\0001\000.\0003\000.\0002\0009\000\040\000s\000e\000t\000T\000e\000x\000t\000A\000c\000t\000i\000v\000e\000\050\000\051}{subsection.5.1.3}% 42
\BOOKMARK [3][-]{subsubsection.5.1.3.30}{\376\377\0005\000.\0001\000.\0003\000.\0003\0000\000\040\000s\000h\000o\000w\000E\000r\000r\000o\000r\000\050\000\051}{subsection.5.1.3}% 43
\BOOKMARK [3][-]{subsubsection.5.1.3.31}{\376\377\0005\000.\0001\000.\0003\000.\0003\0001\000\040\000s\000t\000a\000r\000t\000M\000e\000m\000o\000r\000y\000U\000p\000d\000a\000t\000e\000T\000h\000r\000e\000a\000d\000\050\000\051}{subsection.5.1.3}% 44
\BOOKMARK [3][-]{subsubsection.5.1.3.32}{\376\377\0005\000.\0001\000.\0003\000.\0003\0002\000\040\000s\000t\000a\000r\000t\000S\000i\000m\000u\000\050\000\051}{subsection.5.1.3}% 45
\BOOKMARK [3][-]{subsubsection.5.1.3.33}{\376\377\0005\000.\0001\000.\0003\000.\0003\0003\000\040\000s\000t\000o\000p\000S\000i\000m\000u\000\050\000\051}{subsection.5.1.3}% 46
\BOOKMARK [3][-]{subsubsection.5.1.3.34}{\376\377\0005\000.\0001\000.\0003\000.\0003\0004\000\040\000u\000p\000d\000a\000t\000e\000F\000r\000e\000q\000u\000e\000n\000c\000y\000\050\000\051}{subsection.5.1.3}% 47
\BOOKMARK [3][-]{subsubsection.5.1.3.35}{\376\377\0005\000.\0001\000.\0003\000.\0003\0005\000\040\000u\000p\000d\000a\000t\000e\000M\000e\000m\000o\000r\000y\000T\000a\000b\000l\000e\000\050\000\051}{subsection.5.1.3}% 48
\BOOKMARK [3][-]{subsubsection.5.1.3.36}{\376\377\0005\000.\0001\000.\0003\000.\0003\0006\000\040\000u\000p\000d\000a\000t\000e\000S\000p\000e\000c\000i\000a\000l\000R\000e\000g\000T\000a\000b\000l\000e\000\050\000\051}{subsection.5.1.3}% 49
\BOOKMARK [2][-]{subsection.5.1.4}{\376\377\0005\000.\0001\000.\0004\000\040\000M\000e\000m\000b\000e\000r\000\040\000D\000a\000t\000a\000\040\000D\000o\000c\000u\000m\000e\000n\000t\000a\000t\000i\000o\000n}{section.5.1}% 50
\BOOKMARK [3][-]{subsubsection.5.1.4.1}{\376\377\0005\000.\0001\000.\0004\000.\0001\000\040\000c\000o\000d\000e}{subsection.5.1.4}% 51
\BOOKMARK [3][-]{subsubsection.5.1.4.2}{\376\377\0005\000.\0001\000.\0004\000.\0002\000\040\000c\000o\000d\000e\000L\000e\000n\000g\000t\000h}{subsection.5.1.4}% 52
\BOOKMARK [3][-]{subsubsection.5.1.4.3}{\376\377\0005\000.\0001\000.\0004\000.\0003\000\040\000e\000q\000u}{subsection.5.1.4}% 53
\BOOKMARK [3][-]{subsubsection.5.1.4.4}{\376\377\0005\000.\0001\000.\0004\000.\0004\000\040\000f\000r\000e\000q\000u\000e\000n\000c\000y}{subsection.5.1.4}% 54
\BOOKMARK [3][-]{subsubsection.5.1.4.5}{\376\377\0005\000.\0001\000.\0004\000.\0005\000\040\000i\000s\000C\000o\000m\000p\000i\000l\000e\000d}{subsection.5.1.4}% 55
\BOOKMARK [3][-]{subsubsection.5.1.4.6}{\376\377\0005\000.\0001\000.\0004\000.\0006\000\040\000j\000u\000m\000p\000e\000r\000s}{subsection.5.1.4}% 56
\BOOKMARK [3][-]{subsubsection.5.1.4.7}{\376\377\0005\000.\0001\000.\0004\000.\0007\000\040\000m\000e\000m\000o\000r\000y}{subsection.5.1.4}% 57
\BOOKMARK [3][-]{subsubsection.5.1.4.8}{\376\377\0005\000.\0001\000.\0004\000.\0008\000\040\000m\000n\000e\000m\000o\000n\000i\000c\000L\000i\000n\000e\000s}{subsection.5.1.4}% 58
\BOOKMARK [3][-]{subsubsection.5.1.4.9}{\376\377\0005\000.\0001\000.\0004\000.\0009\000\040\000p\000a\000r\000s\000e\000r}{subsection.5.1.4}% 59
\BOOKMARK [3][-]{subsubsection.5.1.4.10}{\376\377\0005\000.\0001\000.\0004\000.\0001\0000\000\040\000p\000r\000o\000c}{subsection.5.1.4}% 60
\BOOKMARK [3][-]{subsubsection.5.1.4.11}{\376\377\0005\000.\0001\000.\0004\000.\0001\0001\000\040\000p\000r\000o\000g\000r\000a\000m\000C\000o\000u\000n\000t\000e\000r\000L\000i\000s\000t}{subsection.5.1.4}% 61
\BOOKMARK [3][-]{subsubsection.5.1.4.12}{\376\377\0005\000.\0001\000.\0004\000.\0001\0002\000\040\000p\000r\000o\000g\000r\000a\000m\000m\000C\000o\000u\000n\000t\000e\000r}{subsection.5.1.4}% 62
\BOOKMARK [3][-]{subsubsection.5.1.4.13}{\376\377\0005\000.\0001\000.\0004\000.\0001\0003\000\040\000t\000a\000b\000l\000e\000D\000a\000t\000a}{subsection.5.1.4}% 63
\BOOKMARK [1][-]{section.5.2}{\376\377\0005\000.\0002\000\040\000E\000r\000r\000o\000r\000D\000i\000a\000l\000o\000g\000\040\000C\000l\000a\000s\000s\000\040\000R\000e\000f\000e\000r\000e\000n\000c\000e}{chapter.5}% 64
\BOOKMARK [2][-]{subsection.5.2.1}{\376\377\0005\000.\0002\000.\0001\000\040\000D\000e\000t\000a\000i\000l\000e\000d\000\040\000D\000e\000s\000c\000r\000i\000p\000t\000i\000o\000n}{section.5.2}% 65
\BOOKMARK [2][-]{subsection.5.2.2}{\376\377\0005\000.\0002\000.\0002\000\040\000C\000o\000n\000s\000t\000r\000u\000c\000t\000o\000r\000\040\000\046\000\040\000D\000e\000s\000t\000r\000u\000c\000t\000o\000r\000\040\000D\000o\000c\000u\000m\000e\000n\000t\000a\000t\000i\000o\000n}{section.5.2}% 66
\BOOKMARK [3][-]{subsubsection.5.2.2.1}{\376\377\0005\000.\0002\000.\0002\000.\0001\000\040\000E\000r\000r\000o\000r\000D\000i\000a\000l\000o\000g\000\050\000\051}{subsection.5.2.2}% 67
\BOOKMARK [2][-]{subsection.5.2.3}{\376\377\0005\000.\0002\000.\0003\000\040\000M\000e\000m\000b\000e\000r\000\040\000F\000u\000n\000c\000t\000i\000o\000n\000\040\000D\000o\000c\000u\000m\000e\000n\000t\000a\000t\000i\000o\000n}{section.5.2}% 68
\BOOKMARK [3][-]{subsubsection.5.2.3.1}{\376\377\0005\000.\0002\000.\0003\000.\0001\000\040\000m\000a\000i\000n\000\050\000\051}{subsection.5.2.3}% 69
\BOOKMARK [2][-]{subsection.5.2.4}{\376\377\0005\000.\0002\000.\0004\000\040\000M\000e\000m\000b\000e\000r\000\040\000D\000a\000t\000a\000\040\000D\000o\000c\000u\000m\000e\000n\000t\000a\000t\000i\000o\000n}{section.5.2}% 70
\BOOKMARK [3][-]{subsubsection.5.2.4.1}{\376\377\0005\000.\0002\000.\0004\000.\0001\000\040\000l\000b\000l\000\137\000E\000r\000r\000o\000r\000T\000e\000x\000t}{subsection.5.2.4}% 71
\BOOKMARK [3][-]{subsubsection.5.2.4.2}{\376\377\0005\000.\0002\000.\0004\000.\0002\000\040\000l\000b\000l\000\137\000E\000r\000r\000o\000r\000T\000i\000t\000l\000e}{subsection.5.2.4}% 72
\BOOKMARK [1][-]{section.5.3}{\376\377\0005\000.\0003\000\040\000I\000n\000t\000e\000r\000r\000u\000p\000t\000\040\000C\000l\000a\000s\000s\000\040\000R\000e\000f\000e\000r\000e\000n\000c\000e}{chapter.5}% 73
\BOOKMARK [2][-]{subsection.5.3.1}{\376\377\0005\000.\0003\000.\0001\000\040\000D\000e\000t\000a\000i\000l\000e\000d\000\040\000D\000e\000s\000c\000r\000i\000p\000t\000i\000o\000n}{section.5.3}% 74
\BOOKMARK [2][-]{subsection.5.3.2}{\376\377\0005\000.\0003\000.\0002\000\040\000C\000o\000n\000s\000t\000r\000u\000c\000t\000o\000r\000\040\000\046\000\040\000D\000e\000s\000t\000r\000u\000c\000t\000o\000r\000\040\000D\000o\000c\000u\000m\000e\000n\000t\000a\000t\000i\000o\000n}{section.5.3}% 75
\BOOKMARK [3][-]{subsubsection.5.3.2.1}{\376\377\0005\000.\0003\000.\0002\000.\0001\000\040\000I\000n\000t\000e\000r\000r\000u\000p\000t\000\050\000\051}{subsection.5.3.2}% 76
\BOOKMARK [2][-]{subsection.5.3.3}{\376\377\0005\000.\0003\000.\0003\000\040\000M\000e\000m\000b\000e\000r\000\040\000F\000u\000n\000c\000t\000i\000o\000n\000\040\000D\000o\000c\000u\000m\000e\000n\000t\000a\000t\000i\000o\000n}{section.5.3}% 77
\BOOKMARK [3][-]{subsubsection.5.3.3.1}{\376\377\0005\000.\0003\000.\0003\000.\0001\000\040\000r\000u\000n\000\050\000\051}{subsection.5.3.3}% 78
\BOOKMARK [1][-]{section.5.4}{\376\377\0005\000.\0004\000\040\000I\000O\000S\000e\000r\000v\000e\000r\000\040\000C\000l\000a\000s\000s\000\040\000R\000e\000f\000e\000r\000e\000n\000c\000e}{chapter.5}% 79
\BOOKMARK [2][-]{subsection.5.4.1}{\376\377\0005\000.\0004\000.\0001\000\040\000D\000e\000t\000a\000i\000l\000e\000d\000\040\000D\000e\000s\000c\000r\000i\000p\000t\000i\000o\000n}{section.5.4}% 80
\BOOKMARK [2][-]{subsection.5.4.2}{\376\377\0005\000.\0004\000.\0002\000\040\000C\000o\000n\000s\000t\000r\000u\000c\000t\000o\000r\000\040\000\046\000\040\000D\000e\000s\000t\000r\000u\000c\000t\000o\000r\000\040\000D\000o\000c\000u\000m\000e\000n\000t\000a\000t\000i\000o\000n}{section.5.4}% 81
\BOOKMARK [3][-]{subsubsection.5.4.2.1}{\376\377\0005\000.\0004\000.\0002\000.\0001\000\040\000I\000O\000S\000e\000r\000v\000e\000r\000\050\000\051}{subsection.5.4.2}% 82
\BOOKMARK [2][-]{subsection.5.4.3}{\376\377\0005\000.\0004\000.\0003\000\040\000M\000e\000m\000b\000e\000r\000\040\000F\000u\000n\000c\000t\000i\000o\000n\000\040\000D\000o\000c\000u\000m\000e\000n\000t\000a\000t\000i\000o\000n}{section.5.4}% 83
\BOOKMARK [3][-]{subsubsection.5.4.3.1}{\376\377\0005\000.\0004\000.\0003\000.\0001\000\040\000r\000e\000a\000d\000M\000e\000s\000s\000a\000g\000e\000\050\000\051}{subsection.5.4.3}% 84
\BOOKMARK [3][-]{subsubsection.5.4.3.2}{\376\377\0005\000.\0004\000.\0003\000.\0002\000\040\000s\000e\000n\000d\000M\000e\000s\000s\000a\000g\000e\000\050\000\051}{subsection.5.4.3}% 85
\BOOKMARK [3][-]{subsubsection.5.4.3.3}{\376\377\0005\000.\0004\000.\0003\000.\0003\000\040\000s\000t\000a\000r\000t\000S\000e\000r\000v\000e\000r\000\050\000\051}{subsection.5.4.3}% 86
\BOOKMARK [3][-]{subsubsection.5.4.3.4}{\376\377\0005\000.\0004\000.\0003\000.\0004\000\040\000w\000a\000i\000t\000F\000o\000r\000C\000l\000i\000e\000n\000t\000\050\000\051}{subsection.5.4.3}% 87
\BOOKMARK [2][-]{subsection.5.4.4}{\376\377\0005\000.\0004\000.\0004\000\040\000M\000e\000m\000b\000e\000r\000\040\000D\000a\000t\000a\000\040\000D\000o\000c\000u\000m\000e\000n\000t\000a\000t\000i\000o\000n}{section.5.4}% 88
\BOOKMARK [3][-]{subsubsection.5.4.4.1}{\376\377\0005\000.\0004\000.\0004\000.\0001\000\040\000s\000e\000r\000v\000e\000r\000P\000o\000r\000t}{subsection.5.4.4}% 89
\BOOKMARK [1][-]{section.5.5}{\376\377\0005\000.\0005\000\040\000M\000e\000m\000o\000r\000y\000\040\000C\000l\000a\000s\000s\000\040\000R\000e\000f\000e\000r\000e\000n\000c\000e}{chapter.5}% 90
\BOOKMARK [2][-]{subsection.5.5.1}{\376\377\0005\000.\0005\000.\0001\000\040\000D\000e\000t\000a\000i\000l\000e\000d\000\040\000D\000e\000s\000c\000r\000i\000p\000t\000i\000o\000n}{section.5.5}% 91
\BOOKMARK [2][-]{subsection.5.5.2}{\376\377\0005\000.\0005\000.\0002\000\040\000C\000o\000n\000s\000t\000r\000u\000c\000t\000o\000r\000\040\000\046\000\040\000D\000e\000s\000t\000r\000u\000c\000t\000o\000r\000\040\000D\000o\000c\000u\000m\000e\000n\000t\000a\000t\000i\000o\000n}{section.5.5}% 92
\BOOKMARK [3][-]{subsubsection.5.5.2.1}{\376\377\0005\000.\0005\000.\0002\000.\0001\000\040\000M\000e\000m\000o\000r\000y\000\050\000\051}{subsection.5.5.2}% 93
\BOOKMARK [2][-]{subsection.5.5.3}{\376\377\0005\000.\0005\000.\0003\000\040\000M\000e\000m\000b\000e\000r\000\040\000F\000u\000n\000c\000t\000i\000o\000n\000\040\000D\000o\000c\000u\000m\000e\000n\000t\000a\000t\000i\000o\000n}{section.5.5}% 94
\BOOKMARK [3][-]{subsubsection.5.5.3.1}{\376\377\0005\000.\0005\000.\0003\000.\0001\000\040\000c\000l\000e\000a\000r\000P\000r\000o\000g\000M\000e\000m\000\050\000\051}{subsection.5.5.3}% 95
\BOOKMARK [3][-]{subsubsection.5.5.3.2}{\376\377\0005\000.\0005\000.\0003\000.\0002\000\040\000g\000e\000t\000\137\000C\000A\000R\000R\000Y\000F\000L\000A\000G\000\050\000\051}{subsection.5.5.3}% 96
\BOOKMARK [3][-]{subsubsection.5.5.3.3}{\376\377\0005\000.\0005\000.\0003\000.\0003\000\040\000g\000e\000t\000\137\000M\000e\000m\000o\000r\000y\000\050\000\051\000\040\000[\0001\000/\0002\000]}{subsection.5.5.3}% 97
\BOOKMARK [3][-]{subsubsection.5.5.3.4}{\376\377\0005\000.\0005\000.\0003\000.\0004\000\040\000g\000e\000t\000\137\000M\000e\000m\000o\000r\000y\000\050\000\051\000\040\000[\0002\000/\0002\000]}{subsection.5.5.3}% 98
\BOOKMARK [3][-]{subsubsection.5.5.3.5}{\376\377\0005\000.\0005\000.\0003\000.\0005\000\040\000g\000e\000t\000\137\000P\000R\000O\000G\000R\000A\000M\000M\000C\000O\000U\000N\000T\000E\000R\000\050\000\051}{subsection.5.5.3}% 99
\BOOKMARK [3][-]{subsubsection.5.5.3.6}{\376\377\0005\000.\0005\000.\0003\000.\0006\000\040\000g\000e\000t\000\137\000W\000R\000E\000G\000I\000S\000T\000E\000R\000\050\000\051\000\040\000[\0001\000/\0002\000]}{subsection.5.5.3}% 100
\BOOKMARK [3][-]{subsubsection.5.5.3.7}{\376\377\0005\000.\0005\000.\0003\000.\0007\000\040\000g\000e\000t\000\137\000W\000R\000E\000G\000I\000S\000T\000E\000R\000\050\000\051\000\040\000[\0002\000/\0002\000]}{subsection.5.5.3}% 101
\BOOKMARK [3][-]{subsubsection.5.5.3.8}{\376\377\0005\000.\0005\000.\0003\000.\0008\000\040\000p\000o\000p\000F\000r\000o\000m\000S\000t\000a\000c\000k\000\050\000\051}{subsection.5.5.3}% 102
\BOOKMARK [3][-]{subsubsection.5.5.3.9}{\376\377\0005\000.\0005\000.\0003\000.\0009\000\040\000p\000u\000s\000h\000T\000o\000S\000t\000a\000c\000k\000\050\000\051}{subsection.5.5.3}% 103
\BOOKMARK [3][-]{subsubsection.5.5.3.10}{\376\377\0005\000.\0005\000.\0003\000.\0001\0000\000\040\000r\000u\000n\000\050\000\051}{subsection.5.5.3}% 104
\BOOKMARK [3][-]{subsubsection.5.5.3.11}{\376\377\0005\000.\0005\000.\0003\000.\0001\0001\000\040\000s\000e\000t\000\137\000C\000A\000R\000R\000Y\000F\000L\000A\000G\000\050\000\051}{subsection.5.5.3}% 105
\BOOKMARK [3][-]{subsubsection.5.5.3.12}{\376\377\0005\000.\0005\000.\0003\000.\0001\0002\000\040\000s\000e\000t\000\137\000E\000E\000A\000D\000R\000\050\000\051}{subsection.5.5.3}% 106
\BOOKMARK [3][-]{subsubsection.5.5.3.13}{\376\377\0005\000.\0005\000.\0003\000.\0001\0003\000\040\000s\000e\000t\000\137\000E\000E\000C\000O\000N\0001\000\050\000\051}{subsection.5.5.3}% 107
\BOOKMARK [3][-]{subsubsection.5.5.3.14}{\376\377\0005\000.\0005\000.\0003\000.\0001\0004\000\040\000s\000e\000t\000\137\000E\000E\000C\000O\000N\0002\000\050\000\051}{subsection.5.5.3}% 108
\BOOKMARK [3][-]{subsubsection.5.5.3.15}{\376\377\0005\000.\0005\000.\0003\000.\0001\0005\000\040\000s\000e\000t\000\137\000E\000E\000D\000A\000T\000A\000\050\000\051}{subsection.5.5.3}% 109
\BOOKMARK [3][-]{subsubsection.5.5.3.16}{\376\377\0005\000.\0005\000.\0003\000.\0001\0006\000\040\000s\000e\000t\000\137\000F\000S\000R\000\050\000\051}{subsection.5.5.3}% 110
\BOOKMARK [3][-]{subsubsection.5.5.3.17}{\376\377\0005\000.\0005\000.\0003\000.\0001\0007\000\040\000s\000e\000t\000\137\000I\000N\000D\000F\000\050\000\051}{subsection.5.5.3}% 111
\BOOKMARK [3][-]{subsubsection.5.5.3.18}{\376\377\0005\000.\0005\000.\0003\000.\0001\0008\000\040\000s\000e\000t\000\137\000I\000N\000T\000C\000O\000N\000\050\000\051}{subsection.5.5.3}% 112
\BOOKMARK [3][-]{subsubsection.5.5.3.19}{\376\377\0005\000.\0005\000.\0003\000.\0001\0009\000\040\000s\000e\000t\000\137\000O\000P\000T\000I\000O\000N\000\137\000R\000E\000G\000\050\000\051}{subsection.5.5.3}% 113
\BOOKMARK [3][-]{subsubsection.5.5.3.20}{\376\377\0005\000.\0005\000.\0003\000.\0002\0000\000\040\000s\000e\000t\000\137\000P\000C\000L\000\050\000\051}{subsection.5.5.3}% 114
\BOOKMARK [3][-]{subsubsection.5.5.3.21}{\376\377\0005\000.\0005\000.\0003\000.\0002\0001\000\040\000s\000e\000t\000\137\000P\000C\000L\000A\000T\000H\000\050\000\051}{subsection.5.5.3}% 115
\BOOKMARK [3][-]{subsubsection.5.5.3.22}{\376\377\0005\000.\0005\000.\0003\000.\0002\0002\000\040\000s\000e\000t\000\137\000P\000O\000R\000T\000A\000\050\000\051}{subsection.5.5.3}% 116
\BOOKMARK [3][-]{subsubsection.5.5.3.23}{\376\377\0005\000.\0005\000.\0003\000.\0002\0003\000\040\000s\000e\000t\000\137\000P\000O\000R\000T\000B\000\050\000\051}{subsection.5.5.3}% 117
\BOOKMARK [3][-]{subsubsection.5.5.3.24}{\376\377\0005\000.\0005\000.\0003\000.\0002\0004\000\040\000s\000e\000t\000\137\000P\000R\000O\000G\000R\000A\000M\000M\000C\000O\000U\000N\000T\000E\000R\000\050\000\051}{subsection.5.5.3}% 118
\BOOKMARK [3][-]{subsubsection.5.5.3.25}{\376\377\0005\000.\0005\000.\0003\000.\0002\0005\000\040\000s\000e\000t\000\137\000S\000R\000A\000M\000\050\000\051\000\040\000[\0001\000/\0002\000]}{subsection.5.5.3}% 119
\BOOKMARK [3][-]{subsubsection.5.5.3.26}{\376\377\0005\000.\0005\000.\0003\000.\0002\0006\000\040\000s\000e\000t\000\137\000S\000R\000A\000M\000\050\000\051\000\040\000[\0002\000/\0002\000]}{subsection.5.5.3}% 120
\BOOKMARK [3][-]{subsubsection.5.5.3.27}{\376\377\0005\000.\0005\000.\0003\000.\0002\0007\000\040\000s\000e\000t\000\137\000S\000T\000A\000T\000U\000S\000\050\000\051}{subsection.5.5.3}% 121
\BOOKMARK [3][-]{subsubsection.5.5.3.28}{\376\377\0005\000.\0005\000.\0003\000.\0002\0008\000\040\000s\000e\000t\000\137\000T\000M\000R\0000\000\050\000\051}{subsection.5.5.3}% 122
\BOOKMARK [3][-]{subsubsection.5.5.3.29}{\376\377\0005\000.\0005\000.\0003\000.\0002\0009\000\040\000s\000e\000t\000\137\000T\000R\000I\000S\000A\000\050\000\051}{subsection.5.5.3}% 123
\BOOKMARK [3][-]{subsubsection.5.5.3.30}{\376\377\0005\000.\0005\000.\0003\000.\0003\0000\000\040\000s\000e\000t\000\137\000T\000R\000I\000S\000B\000\050\000\051}{subsection.5.5.3}% 124
\BOOKMARK [3][-]{subsubsection.5.5.3.31}{\376\377\0005\000.\0005\000.\0003\000.\0003\0001\000\040\000s\000e\000t\000\137\000W\000R\000E\000G\000I\000S\000T\000E\000R\000\050\000\051\000\040\000[\0001\000/\0002\000]}{subsection.5.5.3}% 125
\BOOKMARK [3][-]{subsubsection.5.5.3.32}{\376\377\0005\000.\0005\000.\0003\000.\0003\0002\000\040\000s\000e\000t\000\137\000W\000R\000E\000G\000I\000S\000T\000E\000R\000\050\000\051\000\040\000[\0002\000/\0002\000]}{subsection.5.5.3}% 126
\BOOKMARK [2][-]{subsection.5.5.4}{\376\377\0005\000.\0005\000.\0004\000\040\000M\000e\000m\000b\000e\000r\000\040\000D\000a\000t\000a\000\040\000D\000o\000c\000u\000m\000e\000n\000t\000a\000t\000i\000o\000n}{section.5.5}% 127
\BOOKMARK [3][-]{subsubsection.5.5.4.1}{\376\377\0005\000.\0005\000.\0004\000.\0001\000\040\000d\000a\000t\000a\000M\000e\000m\000o\000r\000y}{subsection.5.5.4}% 128
\BOOKMARK [3][-]{subsubsection.5.5.4.2}{\376\377\0005\000.\0005\000.\0004\000.\0002\000\040\000p\000r\000o\000g\000r\000a\000m\000m\000c\000o\000u\000n\000t\000e\000r}{subsection.5.5.4}% 129
\BOOKMARK [3][-]{subsubsection.5.5.4.3}{\376\377\0005\000.\0005\000.\0004\000.\0003\000\040\000p\000r\000o\000g\000r\000a\000m\000M\000e\000m\000o\000r\000y}{subsection.5.5.4}% 130
\BOOKMARK [3][-]{subsubsection.5.5.4.4}{\376\377\0005\000.\0005\000.\0004\000.\0004\000\040\000s\000t\000a\000c\000k}{subsection.5.5.4}% 131
\BOOKMARK [3][-]{subsubsection.5.5.4.5}{\376\377\0005\000.\0005\000.\0004\000.\0005\000\040\000w\000\137\000r\000e\000g\000i\000s\000t\000e\000r}{subsection.5.5.4}% 132
\BOOKMARK [1][-]{section.5.6}{\376\377\0005\000.\0006\000\040\000M\000n\000e\000m\000o\000n\000i\000c\000P\000a\000r\000s\000e\000r\000\040\000C\000l\000a\000s\000s\000\040\000R\000e\000f\000e\000r\000e\000n\000c\000e}{chapter.5}% 133
\BOOKMARK [2][-]{subsection.5.6.1}{\376\377\0005\000.\0006\000.\0001\000\040\000D\000e\000t\000a\000i\000l\000e\000d\000\040\000D\000e\000s\000c\000r\000i\000p\000t\000i\000o\000n}{section.5.6}% 134
\BOOKMARK [2][-]{subsection.5.6.2}{\376\377\0005\000.\0006\000.\0002\000\040\000C\000o\000n\000s\000t\000r\000u\000c\000t\000o\000r\000\040\000\046\000\040\000D\000e\000s\000t\000r\000u\000c\000t\000o\000r\000\040\000D\000o\000c\000u\000m\000e\000n\000t\000a\000t\000i\000o\000n}{section.5.6}% 135
\BOOKMARK [3][-]{subsubsection.5.6.2.1}{\376\377\0005\000.\0006\000.\0002\000.\0001\000\040\000M\000n\000e\000m\000o\000n\000i\000c\000P\000a\000r\000s\000e\000r\000\050\000\051}{subsection.5.6.2}% 136
\BOOKMARK [2][-]{subsection.5.6.3}{\376\377\0005\000.\0006\000.\0003\000\040\000M\000e\000m\000b\000e\000r\000\040\000F\000u\000n\000c\000t\000i\000o\000n\000\040\000D\000o\000c\000u\000m\000e\000n\000t\000a\000t\000i\000o\000n}{section.5.6}% 137
\BOOKMARK [3][-]{subsubsection.5.6.3.1}{\376\377\0005\000.\0006\000.\0003\000.\0001\000\040\000f\000r\000o\000m\000M\000n\000e\000m\000T\000o\000H\000e\000x\000\050\000\051}{subsection.5.6.3}% 138
\BOOKMARK [3][-]{subsubsection.5.6.3.2}{\376\377\0005\000.\0006\000.\0003\000.\0002\000\040\000h\000e\000x\000T\000o\000B\000i\000n\000a\000r\000y\000\050\000\051}{subsection.5.6.3}% 139
\BOOKMARK [1][-]{section.5.7}{\376\377\0005\000.\0007\000\040\000M\000n\000e\000m\000o\000n\000i\000c\000V\000i\000e\000w\000\040\000C\000l\000a\000s\000s\000\040\000R\000e\000f\000e\000r\000e\000n\000c\000e}{chapter.5}% 140
\BOOKMARK [2][-]{subsection.5.7.1}{\376\377\0005\000.\0007\000.\0001\000\040\000D\000e\000t\000a\000i\000l\000e\000d\000\040\000D\000e\000s\000c\000r\000i\000p\000t\000i\000o\000n}{section.5.7}% 141
\BOOKMARK [2][-]{subsection.5.7.2}{\376\377\0005\000.\0007\000.\0002\000\040\000C\000o\000n\000s\000t\000r\000u\000c\000t\000o\000r\000\040\000\046\000\040\000D\000e\000s\000t\000r\000u\000c\000t\000o\000r\000\040\000D\000o\000c\000u\000m\000e\000n\000t\000a\000t\000i\000o\000n}{section.5.7}% 142
\BOOKMARK [3][-]{subsubsection.5.7.2.1}{\376\377\0005\000.\0007\000.\0002\000.\0001\000\040\000M\000n\000e\000m\000o\000n\000i\000c\000V\000i\000e\000w\000\050\000\051}{subsection.5.7.2}% 143
\BOOKMARK [2][-]{subsection.5.7.3}{\376\377\0005\000.\0007\000.\0003\000\040\000M\000e\000m\000b\000e\000r\000\040\000D\000a\000t\000a\000\040\000D\000o\000c\000u\000m\000e\000n\000t\000a\000t\000i\000o\000n}{section.5.7}% 144
\BOOKMARK [3][-]{subsubsection.5.7.3.1}{\376\377\0005\000.\0007\000.\0003\000.\0001\000\040\000t\000x\000t\000A\000r\000e\000a\000\137\000m\000n\000e\000m\000o\000n\000i\000c}{subsection.5.7.3}% 145
\BOOKMARK [1][-]{section.5.8}{\376\377\0005\000.\0008\000\040\000M\000y\000P\000a\000n\000e\000l\000\040\000C\000l\000a\000s\000s\000\040\000R\000e\000f\000e\000r\000e\000n\000c\000e}{chapter.5}% 146
\BOOKMARK [2][-]{subsection.5.8.1}{\376\377\0005\000.\0008\000.\0001\000\040\000D\000e\000t\000a\000i\000l\000e\000d\000\040\000D\000e\000s\000c\000r\000i\000p\000t\000i\000o\000n}{section.5.8}% 147
\BOOKMARK [2][-]{subsection.5.8.2}{\376\377\0005\000.\0008\000.\0002\000\040\000C\000o\000n\000s\000t\000r\000u\000c\000t\000o\000r\000\040\000\046\000\040\000D\000e\000s\000t\000r\000u\000c\000t\000o\000r\000\040\000D\000o\000c\000u\000m\000e\000n\000t\000a\000t\000i\000o\000n}{section.5.8}% 148
\BOOKMARK [3][-]{subsubsection.5.8.2.1}{\376\377\0005\000.\0008\000.\0002\000.\0001\000\040\000M\000y\000P\000a\000n\000e\000l\000\050\000\051}{subsection.5.8.2}% 149
\BOOKMARK [2][-]{subsection.5.8.3}{\376\377\0005\000.\0008\000.\0003\000\040\000M\000e\000m\000b\000e\000r\000\040\000F\000u\000n\000c\000t\000i\000o\000n\000\040\000D\000o\000c\000u\000m\000e\000n\000t\000a\000t\000i\000o\000n}{section.5.8}% 150
\BOOKMARK [3][-]{subsubsection.5.8.3.1}{\376\377\0005\000.\0008\000.\0003\000.\0001\000\040\000g\000e\000t\000P\000r\000e\000f\000e\000r\000r\000e\000d\000S\000i\000z\000e\000\050\000\051}{subsection.5.8.3}% 151
\BOOKMARK [3][-]{subsubsection.5.8.3.2}{\376\377\0005\000.\0008\000.\0003\000.\0002\000\040\000p\000a\000i\000n\000t\000C\000o\000m\000p\000o\000n\000e\000n\000t\000\050\000\051}{subsection.5.8.3}% 152
\BOOKMARK [3][-]{subsubsection.5.8.3.3}{\376\377\0005\000.\0008\000.\0003\000.\0003\000\040\000p\000a\000i\000n\000t\000F\000i\000r\000s\000t\000\050\000\051}{subsection.5.8.3}% 153
\BOOKMARK [3][-]{subsubsection.5.8.3.4}{\376\377\0005\000.\0008\000.\0003\000.\0004\000\040\000p\000a\000i\000n\000t\000F\000o\000u\000r\000t\000h\000\050\000\051}{subsection.5.8.3}% 154
\BOOKMARK [3][-]{subsubsection.5.8.3.5}{\376\377\0005\000.\0008\000.\0003\000.\0005\000\040\000p\000a\000i\000n\000t\000S\000e\000c\000o\000n\000d\000\050\000\051}{subsection.5.8.3}% 155
\BOOKMARK [3][-]{subsubsection.5.8.3.6}{\376\377\0005\000.\0008\000.\0003\000.\0006\000\040\000p\000a\000i\000n\000t\000T\000h\000i\000r\000d\000\050\000\051}{subsection.5.8.3}% 156
\BOOKMARK [3][-]{subsubsection.5.8.3.7}{\376\377\0005\000.\0008\000.\0003\000.\0007\000\040\000s\000e\000t\000C\000h\000a\000r\000s\000\050\000\051}{subsection.5.8.3}% 157
\BOOKMARK [1][-]{section.5.9}{\376\377\0005\000.\0009\000\040\000P\000r\000o\000c\000e\000s\000s\000o\000r\000\040\000C\000l\000a\000s\000s\000\040\000R\000e\000f\000e\000r\000e\000n\000c\000e}{chapter.5}% 158
\BOOKMARK [2][-]{subsection.5.9.1}{\376\377\0005\000.\0009\000.\0001\000\040\000D\000e\000t\000a\000i\000l\000e\000d\000\040\000D\000e\000s\000c\000r\000i\000p\000t\000i\000o\000n}{section.5.9}% 159
\BOOKMARK [2][-]{subsection.5.9.2}{\376\377\0005\000.\0009\000.\0002\000\040\000C\000o\000n\000s\000t\000r\000u\000c\000t\000o\000r\000\040\000\046\000\040\000D\000e\000s\000t\000r\000u\000c\000t\000o\000r\000\040\000D\000o\000c\000u\000m\000e\000n\000t\000a\000t\000i\000o\000n}{section.5.9}% 160
\BOOKMARK [3][-]{subsubsection.5.9.2.1}{\376\377\0005\000.\0009\000.\0002\000.\0001\000\040\000P\000r\000o\000c\000e\000s\000s\000o\000r\000\050\000\051}{subsection.5.9.2}% 161
\BOOKMARK [2][-]{subsection.5.9.3}{\376\377\0005\000.\0009\000.\0003\000\040\000M\000e\000m\000b\000e\000r\000\040\000F\000u\000n\000c\000t\000i\000o\000n\000\040\000D\000o\000c\000u\000m\000e\000n\000t\000a\000t\000i\000o\000n}{section.5.9}% 162
\BOOKMARK [3][-]{subsubsection.5.9.3.1}{\376\377\0005\000.\0009\000.\0003\000.\0001\000\040\000r\000u\000n\000\050\000\051}{subsection.5.9.3}% 163
\BOOKMARK [3][-]{subsubsection.5.9.3.2}{\376\377\0005\000.\0009\000.\0003\000.\0002\000\040\000s\000t\000o\000p\000T\000h\000r\000e\000a\000d\000\050\000\051}{subsection.5.9.3}% 164
\BOOKMARK [1][-]{section.5.10}{\376\377\0005\000.\0001\0000\000\040\000S\000i\000m\000u\000l\000a\000t\000o\000r\000\137\000W\000i\000n\000d\000o\000w\000\040\000C\000l\000a\000s\000s\000\040\000R\000e\000f\000e\000r\000e\000n\000c\000e}{chapter.5}% 165
\BOOKMARK [2][-]{subsection.5.10.1}{\376\377\0005\000.\0001\0000\000.\0001\000\040\000D\000e\000t\000a\000i\000l\000e\000d\000\040\000D\000e\000s\000c\000r\000i\000p\000t\000i\000o\000n}{section.5.10}% 166
\BOOKMARK [2][-]{subsection.5.10.2}{\376\377\0005\000.\0001\0000\000.\0002\000\040\000C\000o\000n\000s\000t\000r\000u\000c\000t\000o\000r\000\040\000\046\000\040\000D\000e\000s\000t\000r\000u\000c\000t\000o\000r\000\040\000D\000o\000c\000u\000m\000e\000n\000t\000a\000t\000i\000o\000n}{section.5.10}% 167
\BOOKMARK [3][-]{subsubsection.5.10.2.1}{\376\377\0005\000.\0001\0000\000.\0002\000.\0001\000\040\000S\000i\000m\000u\000l\000a\000t\000o\000r\000\137\000W\000i\000n\000d\000o\000w\000\050\000\051}{subsection.5.10.2}% 168
\BOOKMARK [2][-]{subsection.5.10.3}{\376\377\0005\000.\0001\0000\000.\0003\000\040\000M\000e\000m\000b\000e\000r\000\040\000F\000u\000n\000c\000t\000i\000o\000n\000\040\000D\000o\000c\000u\000m\000e\000n\000t\000a\000t\000i\000o\000n}{section.5.10}% 169
\BOOKMARK [3][-]{subsubsection.5.10.3.1}{\376\377\0005\000.\0001\0000\000.\0003\000.\0001\000\040\000g\000e\000t\000D\000a\000t\000a\000\050\000\051}{subsection.5.10.3}% 170
\BOOKMARK [3][-]{subsubsection.5.10.3.2}{\376\377\0005\000.\0001\0000\000.\0003\000.\0002\000\040\000m\000a\000i\000n\000\050\000\051}{subsection.5.10.3}% 171
\BOOKMARK [3][-]{subsubsection.5.10.3.3}{\376\377\0005\000.\0001\0000\000.\0003\000.\0003\000\040\000o\000p\000e\000n\000H\000e\000l\000p\000\050\000\051}{subsection.5.10.3}% 172
\BOOKMARK [3][-]{subsubsection.5.10.3.4}{\376\377\0005\000.\0001\0000\000.\0003\000.\0004\000\040\000S\000e\000t\000D\000a\000t\000a\000\050\000\051}{subsection.5.10.3}% 173
\BOOKMARK [3][-]{subsubsection.5.10.3.5}{\376\377\0005\000.\0001\0000\000.\0003\000.\0005\000\040\000s\000e\000t\000S\000e\000g\000m\000e\000n\000t\000\050\000\051}{subsection.5.10.3}% 174
\BOOKMARK [3][-]{subsubsection.5.10.3.6}{\376\377\0005\000.\0001\0000\000.\0003\000.\0006\000\040\000s\000e\000t\000S\000p\000e\000c\000i\000a\000l\000D\000a\000t\000a\000\050\000\051}{subsection.5.10.3}% 175
\BOOKMARK [2][-]{subsection.5.10.4}{\376\377\0005\000.\0001\0000\000.\0004\000\040\000M\000e\000m\000b\000e\000r\000\040\000D\000a\000t\000a\000\040\000D\000o\000c\000u\000m\000e\000n\000t\000a\000t\000i\000o\000n}{section.5.10}% 176
\BOOKMARK [3][-]{subsubsection.5.10.4.1}{\376\377\0005\000.\0001\0000\000.\0004\000.\0001\000\040\000c\000o\000m\000b\000o\000B\000o\000x\000\137\000A\000n\000a\000l\000o\000g\000I\000n\000\137\000P\000o\000r\000t\000S\000e\000l\000e\000c\000t\000o\000r}{subsection.5.10.4}% 177
\BOOKMARK [3][-]{subsubsection.5.10.4.2}{\376\377\0005\000.\0001\0000\000.\0004\000.\0002\000\040\000c\000o\000m\000b\000o\000B\000o\000x\000\137\000A\000n\000a\000l\000o\000g\000O\000U\000T\000\137\000P\000o\000r\000t\000S\000e\000l\000e\000c\000t\000o\000r}{subsection.5.10.4}% 178
\BOOKMARK [3][-]{subsubsection.5.10.4.3}{\376\377\0005\000.\0001\0000\000.\0004\000.\0003\000\040\000c\000o\000m\000b\000o\000B\000o\000x\000\137\000q\000u\000a\000r\000z\000F\000r\000e\000q\000u\000e\000n\000c\000y}{subsection.5.10.4}% 179
\BOOKMARK [3][-]{subsubsection.5.10.4.4}{\376\377\0005\000.\0001\0000\000.\0004\000.\0004\000\040\000d\000a\000t\000a\000M\000o\000d\000e\000l}{subsection.5.10.4}% 180
\BOOKMARK [3][-]{subsubsection.5.10.4.5}{\376\377\0005\000.\0001\0000\000.\0004\000.\0005\000\040\000p\000a\000n\000e\000l\000\137\000s\000e\000g\000m\000e\000n\000t\000C\000a\000n\000v\000a\000s}{subsection.5.10.4}% 181
\BOOKMARK [3][-]{subsubsection.5.10.4.6}{\376\377\0005\000.\0001\0000\000.\0004\000.\0006\000\040\000r\000b\000\137\000i\000o\000\137\000i\000n\000\137\0001}{subsection.5.10.4}% 182
\BOOKMARK [3][-]{subsubsection.5.10.4.7}{\376\377\0005\000.\0001\0000\000.\0004\000.\0007\000\040\000r\000b\000\137\000i\000o\000\137\000i\000n\000\137\0002}{subsection.5.10.4}% 183
\BOOKMARK [3][-]{subsubsection.5.10.4.8}{\376\377\0005\000.\0001\0000\000.\0004\000.\0008\000\040\000r\000b\000\137\000i\000o\000\137\000i\000n\000\137\0003}{subsection.5.10.4}% 184
\BOOKMARK [3][-]{subsubsection.5.10.4.9}{\376\377\0005\000.\0001\0000\000.\0004\000.\0009\000\040\000r\000b\000\137\000i\000o\000\137\000i\000n\000\137\0004}{subsection.5.10.4}% 185
\BOOKMARK [3][-]{subsubsection.5.10.4.10}{\376\377\0005\000.\0001\0000\000.\0004\000.\0001\0000\000\040\000r\000b\000\137\000i\000o\000\137\000i\000n\000\137\0005}{subsection.5.10.4}% 186
\BOOKMARK [3][-]{subsubsection.5.10.4.11}{\376\377\0005\000.\0001\0000\000.\0004\000.\0001\0001\000\040\000r\000b\000\137\000i\000o\000\137\000i\000n\000\137\0006}{subsection.5.10.4}% 187
\BOOKMARK [3][-]{subsubsection.5.10.4.12}{\376\377\0005\000.\0001\0000\000.\0004\000.\0001\0002\000\040\000r\000b\000\137\000i\000o\000\137\000i\000n\000\137\0007}{subsection.5.10.4}% 188
\BOOKMARK [3][-]{subsubsection.5.10.4.13}{\376\377\0005\000.\0001\0000\000.\0004\000.\0001\0003\000\040\000r\000b\000\137\000i\000o\000\137\000i\000n\000\137\0008}{subsection.5.10.4}% 189
\BOOKMARK [3][-]{subsubsection.5.10.4.14}{\376\377\0005\000.\0001\0000\000.\0004\000.\0001\0004\000\040\000r\000b\000\137\000i\000o\000\137\000o\000u\000t\000\137\0001}{subsection.5.10.4}% 190
\BOOKMARK [3][-]{subsubsection.5.10.4.15}{\376\377\0005\000.\0001\0000\000.\0004\000.\0001\0005\000\040\000r\000b\000\137\000i\000o\000\137\000o\000u\000t\000\137\0002}{subsection.5.10.4}% 191
\BOOKMARK [3][-]{subsubsection.5.10.4.16}{\376\377\0005\000.\0001\0000\000.\0004\000.\0001\0006\000\040\000r\000b\000\137\000i\000o\000\137\000o\000u\000t\000\137\0003}{subsection.5.10.4}% 192
\BOOKMARK [3][-]{subsubsection.5.10.4.17}{\376\377\0005\000.\0001\0000\000.\0004\000.\0001\0007\000\040\000r\000b\000\137\000i\000o\000\137\000o\000u\000t\000\137\0004}{subsection.5.10.4}% 193
\BOOKMARK [3][-]{subsubsection.5.10.4.18}{\376\377\0005\000.\0001\0000\000.\0004\000.\0001\0008\000\040\000r\000b\000\137\000i\000o\000\137\000o\000u\000t\000\137\0005}{subsection.5.10.4}% 194
\BOOKMARK [3][-]{subsubsection.5.10.4.19}{\376\377\0005\000.\0001\0000\000.\0004\000.\0001\0009\000\040\000r\000b\000\137\000i\000o\000\137\000o\000u\000t\000\137\0006}{subsection.5.10.4}% 195
\BOOKMARK [3][-]{subsubsection.5.10.4.20}{\376\377\0005\000.\0001\0000\000.\0004\000.\0002\0000\000\040\000r\000b\000\137\000i\000o\000\137\000o\000u\000t\000\137\0007}{subsection.5.10.4}% 196
\BOOKMARK [3][-]{subsubsection.5.10.4.21}{\376\377\0005\000.\0001\0000\000.\0004\000.\0002\0001\000\040\000r\000b\000\137\000i\000o\000\137\000o\000u\000t\000\137\0008}{subsection.5.10.4}% 197
\BOOKMARK [3][-]{subsubsection.5.10.4.22}{\376\377\0005\000.\0001\0000\000.\0004\000.\0002\0002\000\040\000t\000a\000b\000l\000e\000\137\000C\000o\000d\000e}{subsection.5.10.4}% 198
\BOOKMARK [3][-]{subsubsection.5.10.4.23}{\376\377\0005\000.\0001\0000\000.\0004\000.\0002\0003\000\040\000t\000a\000b\000l\000e\000\137\000M\000e\000m\000o\000r\000y}{subsection.5.10.4}% 199
\BOOKMARK [3][-]{subsubsection.5.10.4.24}{\376\377\0005\000.\0001\0000\000.\0004\000.\0002\0004\000\040\000t\000a\000b\000l\000e\000\137\000s\000p\000e\000c\000i\000a\000l\000\137\000r\000e\000g\000s}{subsection.5.10.4}% 200
\BOOKMARK [3][-]{subsubsection.5.10.4.25}{\376\377\0005\000.\0001\0000\000.\0004\000.\0002\0005\000\040\000t\000b\000l\000\137\000c\000o\000d\000e}{subsection.5.10.4}% 201
\BOOKMARK [3][-]{subsubsection.5.10.4.26}{\376\377\0005\000.\0001\0000\000.\0004\000.\0002\0006\000\040\000t\000b\000l\000\137\000m\000e\000m\000o\000r\000y}{subsection.5.10.4}% 202
\BOOKMARK [3][-]{subsubsection.5.10.4.27}{\376\377\0005\000.\0001\0000\000.\0004\000.\0002\0007\000\040\000t\000b\000l\000\137\000p\000c\000l}{subsection.5.10.4}% 203
\BOOKMARK [3][-]{subsubsection.5.10.4.28}{\376\377\0005\000.\0001\0000\000.\0004\000.\0002\0008\000\040\000t\000b\000l\000\137\000s\000p\000e\000c\000i\000a\000l}{subsection.5.10.4}% 204
\BOOKMARK [3][-]{subsubsection.5.10.4.29}{\376\377\0005\000.\0001\0000\000.\0004\000.\0002\0009\000\040\000t\000b\000l\000\137\000s\000t\000a\000t\000u\000s}{subsection.5.10.4}% 205
\BOOKMARK [3][-]{subsubsection.5.10.4.30}{\376\377\0005\000.\0001\0000\000.\0004\000.\0003\0000\000\040\000t\000x\000t\000A\000r\000e\000a\000\137\000C\000o\000n\000s\000o\000l\000e}{subsection.5.10.4}% 206
\BOOKMARK [1][-]{section.5.11}{\376\377\0005\000.\0001\0001\000\040\000T\000i\000m\000e\000r\000\040\000C\000l\000a\000s\000s\000\040\000R\000e\000f\000e\000r\000e\000n\000c\000e}{chapter.5}% 207
\BOOKMARK [2][-]{subsection.5.11.1}{\376\377\0005\000.\0001\0001\000.\0001\000\040\000D\000e\000t\000a\000i\000l\000e\000d\000\040\000D\000e\000s\000c\000r\000i\000p\000t\000i\000o\000n}{section.5.11}% 208
\BOOKMARK [1][-]{section.5.12}{\376\377\0005\000.\0001\0002\000\040\000W\000a\000t\000c\000h\000d\000o\000g\000\040\000C\000l\000a\000s\000s\000\040\000R\000e\000f\000e\000r\000e\000n\000c\000e}{chapter.5}% 209
\BOOKMARK [2][-]{subsection.5.12.1}{\376\377\0005\000.\0001\0002\000.\0001\000\040\000D\000e\000t\000a\000i\000l\000e\000d\000\040\000D\000e\000s\000c\000r\000i\000p\000t\000i\000o\000n}{section.5.12}% 210
\BOOKMARK [0][-]{chapter.6}{\376\377\0006\000\040\000F\000i\000l\000e\000\040\000D\000o\000c\000u\000m\000e\000n\000t\000a\000t\000i\000o\000n}{}% 211
\BOOKMARK [1][-]{section.6.1}{\376\377\0006\000.\0001\000\040\000F\000:\000/\000C\000o\000d\000i\000n\000g\000/\000D\000H\000/\000P\000i\000c\000\137\000S\000i\000m\000u\000l\000a\000t\000o\000r\000/\000S\000i\000m\000u\000l\000a\000t\000o\000r\000/\000s\000r\000c\000/\000C\000o\000n\000t\000r\000o\000l\000l\000e\000r\000.\000j\000a\000v\000a\000\040\000F\000i\000l\000e\000\040\000R\000e\000f\000e\000r\000e\000n\000c\000e}{chapter.6}% 212
\BOOKMARK [1][-]{section.6.2}{\376\377\0006\000.\0002\000\040\000F\000:\000/\000C\000o\000d\000i\000n\000g\000/\000D\000H\000/\000P\000i\000c\000\137\000S\000i\000m\000u\000l\000a\000t\000o\000r\000/\000S\000i\000m\000u\000l\000a\000t\000o\000r\000/\000s\000r\000c\000/\000E\000r\000r\000o\000r\000D\000i\000a\000l\000o\000g\000.\000j\000a\000v\000a\000\040\000F\000i\000l\000e\000\040\000R\000e\000f\000e\000r\000e\000n\000c\000e}{chapter.6}% 213
\BOOKMARK [1][-]{section.6.3}{\376\377\0006\000.\0003\000\040\000F\000:\000/\000C\000o\000d\000i\000n\000g\000/\000D\000H\000/\000P\000i\000c\000\137\000S\000i\000m\000u\000l\000a\000t\000o\000r\000/\000S\000i\000m\000u\000l\000a\000t\000o\000r\000/\000s\000r\000c\000/\000I\000n\000t\000e\000r\000r\000u\000p\000t\000.\000j\000a\000v\000a\000\040\000F\000i\000l\000e\000\040\000R\000e\000f\000e\000r\000e\000n\000c\000e}{chapter.6}% 214
\BOOKMARK [1][-]{section.6.4}{\376\377\0006\000.\0004\000\040\000F\000:\000/\000C\000o\000d\000i\000n\000g\000/\000D\000H\000/\000P\000i\000c\000\137\000S\000i\000m\000u\000l\000a\000t\000o\000r\000/\000S\000i\000m\000u\000l\000a\000t\000o\000r\000/\000s\000r\000c\000/\000I\000O\000S\000e\000r\000v\000e\000r\000.\000j\000a\000v\000a\000\040\000F\000i\000l\000e\000\040\000R\000e\000f\000e\000r\000e\000n\000c\000e}{chapter.6}% 215
\BOOKMARK [1][-]{section.6.5}{\376\377\0006\000.\0005\000\040\000F\000:\000/\000C\000o\000d\000i\000n\000g\000/\000D\000H\000/\000P\000i\000c\000\137\000S\000i\000m\000u\000l\000a\000t\000o\000r\000/\000S\000i\000m\000u\000l\000a\000t\000o\000r\000/\000s\000r\000c\000/\000M\000e\000m\000o\000r\000y\000.\000j\000a\000v\000a\000\040\000F\000i\000l\000e\000\040\000R\000e\000f\000e\000r\000e\000n\000c\000e}{chapter.6}% 216
\BOOKMARK [1][-]{section.6.6}{\376\377\0006\000.\0006\000\040\000F\000:\000/\000C\000o\000d\000i\000n\000g\000/\000D\000H\000/\000P\000i\000c\000\137\000S\000i\000m\000u\000l\000a\000t\000o\000r\000/\000S\000i\000m\000u\000l\000a\000t\000o\000r\000/\000s\000r\000c\000/\000M\000n\000e\000m\000o\000n\000i\000c\000P\000a\000r\000s\000e\000r\000.\000j\000a\000v\000a\000\040\000F\000i\000l\000e\000\040\000R\000e\000f\000e\000r\000e\000n\000c\000e}{chapter.6}% 217
\BOOKMARK [1][-]{section.6.7}{\376\377\0006\000.\0007\000\040\000F\000:\000/\000C\000o\000d\000i\000n\000g\000/\000D\000H\000/\000P\000i\000c\000\137\000S\000i\000m\000u\000l\000a\000t\000o\000r\000/\000S\000i\000m\000u\000l\000a\000t\000o\000r\000/\000s\000r\000c\000/\000M\000n\000e\000m\000o\000n\000i\000c\000V\000i\000e\000w\000.\000j\000a\000v\000a\000\040\000F\000i\000l\000e\000\040\000R\000e\000f\000e\000r\000e\000n\000c\000e}{chapter.6}% 218
\BOOKMARK [1][-]{section.6.8}{\376\377\0006\000.\0008\000\040\000F\000:\000/\000C\000o\000d\000i\000n\000g\000/\000D\000H\000/\000P\000i\000c\000\137\000S\000i\000m\000u\000l\000a\000t\000o\000r\000/\000S\000i\000m\000u\000l\000a\000t\000o\000r\000/\000s\000r\000c\000/\000M\000y\000P\000a\000n\000e\000l\000.\000j\000a\000v\000a\000\040\000F\000i\000l\000e\000\040\000R\000e\000f\000e\000r\000e\000n\000c\000e}{chapter.6}% 219
\BOOKMARK [1][-]{section.6.9}{\376\377\0006\000.\0009\000\040\000F\000:\000/\000C\000o\000d\000i\000n\000g\000/\000D\000H\000/\000P\000i\000c\000\137\000S\000i\000m\000u\000l\000a\000t\000o\000r\000/\000S\000i\000m\000u\000l\000a\000t\000o\000r\000/\000s\000r\000c\000/\000P\000r\000o\000c\000e\000s\000s\000o\000r\000.\000j\000a\000v\000a\000\040\000F\000i\000l\000e\000\040\000R\000e\000f\000e\000r\000e\000n\000c\000e}{chapter.6}% 220
\BOOKMARK [1][-]{section.6.10}{\376\377\0006\000.\0001\0000\000\040\000F\000:\000/\000C\000o\000d\000i\000n\000g\000/\000D\000H\000/\000P\000i\000c\000\137\000S\000i\000m\000u\000l\000a\000t\000o\000r\000/\000S\000i\000m\000u\000l\000a\000t\000o\000r\000/\000s\000r\000c\000/\000S\000i\000m\000u\000l\000a\000t\000o\000r\000\137\000W\000i\000n\000d\000o\000w\000.\000j\000a\000v\000a\000\040\000F\000i\000l\000e\000\040\000R\000e\000f\000e\000r\000e\000n\000c\000e}{chapter.6}% 221
\BOOKMARK [1][-]{section.6.11}{\376\377\0006\000.\0001\0001\000\040\000F\000:\000/\000C\000o\000d\000i\000n\000g\000/\000D\000H\000/\000P\000i\000c\000\137\000S\000i\000m\000u\000l\000a\000t\000o\000r\000/\000S\000i\000m\000u\000l\000a\000t\000o\000r\000/\000s\000r\000c\000/\000T\000i\000m\000e\000r\000.\000j\000a\000v\000a\000\040\000F\000i\000l\000e\000\040\000R\000e\000f\000e\000r\000e\000n\000c\000e}{chapter.6}% 222
\BOOKMARK [1][-]{section.6.12}{\376\377\0006\000.\0001\0002\000\040\000F\000:\000/\000C\000o\000d\000i\000n\000g\000/\000D\000H\000/\000P\000i\000c\000\137\000S\000i\000m\000u\000l\000a\000t\000o\000r\000/\000S\000i\000m\000u\000l\000a\000t\000o\000r\000/\000s\000r\000c\000/\000W\000a\000t\000c\000h\000d\000o\000g\000.\000j\000a\000v\000a\000\040\000F\000i\000l\000e\000\040\000R\000e\000f\000e\000r\000e\000n\000c\000e}{chapter.6}% 223
\BOOKMARK [0][-]{section*.42}{\376\377\000I\000n\000d\000e\000x}{}% 224
